--------------- Build Started: 05/09/2017 23:33:28 Project: Synthdude, Configuration: ARM GCC 4.4.1 Debug ---------------
cydsfit.exe "-.appdatapath" "C:\Users\Raphael Chang\AppData\Local\Cypress Semiconductor\PSoC Creator\2.2" "-.fdsnotice" "-.fdswarpdepfile=warp_dependencies.txt" "-.fdselabdepfile=elab_dependencies.txt" "-.fdsbldfile=generated_files.txt" "-p" "\\vmware-host\Shared Folders\Documents\Archive\Sophomore Year\6.115\Synthdude\Synthdude.cydsn\Synthdude.cyprj" "-d" "CY8C5868AXI-LP035" "-s" "\\vmware-host\Shared Folders\Documents\Archive\Sophomore Year\6.115\Synthdude\Synthdude.cydsn\Generated_Source\PSoC5" "--" "-yv2" "-v3" "-ygs" "-q10" "-o2" "-.fftcfgtype=LE"
Elaborating Design...
HDL Generation ...
Synthesis ...
Place and Route ...
Tech mapping ...
ADD: pft.M0040: information: The following 1 pin(s) will be assigned a location by the fitter: Tx_1(0)
Info: mpr.M0037: Unused pieces of the design have been optimized out. See the Tech mapping section of the report file for details. (App=cydsfit)
Analog Placement ...
Log: apr.M0058: The analog placement iterative improvement is 31% done. (App=cydsfit)
Log: apr.M0058: The analog placement iterative improvement is 57% done. (App=cydsfit)
Log: apr.M0058: The analog placement iterative improvement is 79% done. (App=cydsfit)
Log: apr.M0058: The analog placement iterative improvement is 100% done. (App=cydsfit)
Analog Routing ...
Analog Code Generation ...
Digital Placement ...
Digital Routing ...
Bitstream Generation ...
Static timing analysis ...
Warning: sta.M0019: Synthdude_timing.html: Warning-1366: Setup time violation found in a path from clock ( CyBUS_CLK ) to clock ( UART_1_IntClock ). (File=\\vmware-host\Shared Folders\Documents\Archive\Sophomore Year\6.115\Synthdude\Synthdude.cydsn\codegentemp\Synthdude_timing.html)
API Generation ...
Dependency Generation ...
Clean Temporary Files ...
arm-none-eabi-gcc.exe -I. -Wno-main -I./Generated_Source/PSoC5 -mcpu=cortex-m3 -mthumb -Wall -g -Wa,-alh=.\ARM_GCC_441\Debug\main.lst -ffunction-sections -c .\main.c -o .\ARM_GCC_441\Debug\main.o
.\main.c:159: warning: missing braces around initializer
.\main.c:159: warning: (near initialization for 'waveform[0]')
.\main.c: In function 'main':
.\main.c:228: warning: unused variable 'ch'
arm-none-eabi-gcc.exe -I. -Wno-main -I./Generated_Source/PSoC5 -mcpu=cortex-m3 -mthumb -Wall -g -Wa,-alh=.\ARM_GCC_441\Debug\Timer_1.lst -ffunction-sections -c .\Generated_Source\PSoC5\Timer_1.c -o .\ARM_GCC_441\Debug\Timer_1.o
arm-none-eabi-gcc.exe -I. -Wno-main -I./Generated_Source/PSoC5 -mcpu=cortex-m3 -mthumb -Wall -g -Wa,-alh=.\ARM_GCC_441\Debug\Timer_1_PM.lst -ffunction-sections -c .\Generated_Source\PSoC5\Timer_1_PM.c -o .\ARM_GCC_441\Debug\Timer_1_PM.o
arm-none-eabi-ar.exe -rs .\ARM_GCC_441\Debug\Synthdude.a .\ARM_GCC_441\Debug\VDAC8_1.o .\ARM_GCC_441\Debug\VDAC8_1_PM.o .\ARM_GCC_441\Debug\P0_2.o .\ARM_GCC_441\Debug\isr_1.o .\ARM_GCC_441\Debug\Timer_1.o .\ARM_GCC_441\Debug\Timer_1_PM.o .\ARM_GCC_441\Debug\UART_1.o .\ARM_GCC_441\Debug\UART_1_PM.o .\ARM_GCC_441\Debug\UART_1_INT.o .\ARM_GCC_441\Debug\UART_1_BOOT.o .\ARM_GCC_441\Debug\UART_1_IntClock.o .\ARM_GCC_441\Debug\core_cm3.o .\ARM_GCC_441\Debug\CyBootAsmGnu.o .\ARM_GCC_441\Debug\CyDmac.o .\ARM_GCC_441\Debug\CyFlash.o .\ARM_GCC_441\Debug\CyLib.o .\ARM_GCC_441\Debug\cyPm.o .\ARM_GCC_441\Debug\CySpc.o .\ARM_GCC_441\Debug\cyutils.o .\ARM_GCC_441\Debug\Timer_2.o .\ARM_GCC_441\Debug\Timer_2_PM.o .\ARM_GCC_441\Debug\timer_clock_1.o .\ARM_GCC_441\Debug\isr_2.o .\ARM_GCC_441\Debug\cyfitter_cfg.o
arm-none-eabi-ar.exe: creating .\ARM_GCC_441\Debug\Synthdude.a
arm-none-eabi-gcc.exe -mthumb -march=armv7-m -mfix-cortex-m3-ldrd -T .\Generated_Source\PSoC5\cm3gcc.ld -g -Wl,-Map,.\ARM_GCC_441\Debug\Synthdude.map -Wl,--gc-sections -Wl,--start-group -o .\ARM_GCC_441\Debug\Synthdude.elf .\ARM_GCC_441\Debug\main.o .\ARM_GCC_441\Debug\Cm3Start.o .\ARM_GCC_441\Debug\Synthdude.a "C:\Program Files (x86)\Cypress\PSoC Creator\2.2\PSoC Creator\psoc\content\cycomponentlibrary\CyComponentLibrary.cylib\CortexM3\ARM_GCC_441\Debug\CyComponentLibrary.a" -l m -Wl,--end-group
arm-none-eabi-objcopy.exe -O ihex .\ARM_GCC_441\Debug\Synthdude.elf .\ARM_GCC_441\Debug\Synthdude.ihx
cyhextool -o .\ARM_GCC_441\Debug\Synthdude.hex -f .\ARM_GCC_441\Debug\Synthdude.ihx -prot .\Generated_Source\PSoC5\protect.hex -id 2E123069 -a EEPROM=90200000:800,PROGRAM=00000000:40000,CONFIG=80000000:8000,PROTECT=90400000:100 -meta 0001 -cunv 00004005 -wonv BC90ACAF -ecc .\Generated_Source\PSoC5\config.hex
Flash used: 18116 of 262144 bytes (6.9 %).
SRAM used: 6204 of 65536 bytes (9.5 %).
--------------- Build Succeeded: 05/09/2017 23:35:20 ---------------
