--------------- Clean Started: 05/09/2017 21:56:31 Project: Synthdude, Configuration: ARM GCC 4.4.1 Debug ---------------
Deleting file ".\ARM_GCC_441\Debug\main.o"
Deleting file ".\ARM_GCC_441\Debug\VDAC8_1.o"
Deleting file ".\ARM_GCC_441\Debug\VDAC8_1_PM.o"
Deleting file ".\ARM_GCC_441\Debug\P0_2.o"
Deleting file ".\ARM_GCC_441\Debug\isr_1.o"
Deleting file ".\ARM_GCC_441\Debug\Timer_1.o"
Deleting file ".\ARM_GCC_441\Debug\Timer_1_PM.o"
Deleting file ".\ARM_GCC_441\Debug\UART_1.o"
Deleting file ".\ARM_GCC_441\Debug\UART_1_PM.o"
Deleting file ".\ARM_GCC_441\Debug\UART_1_INT.o"
Deleting file ".\ARM_GCC_441\Debug\UART_1_BOOT.o"
Deleting file ".\ARM_GCC_441\Debug\UART_1_IntClock.o"
Deleting file ".\ARM_GCC_441\Debug\Cm3Start.o"
Deleting file ".\ARM_GCC_441\Debug\core_cm3.o"
Deleting file ".\ARM_GCC_441\Debug\CyBootAsmGnu.o"
Deleting file ".\ARM_GCC_441\Debug\CyDmac.o"
Deleting file ".\ARM_GCC_441\Debug\CyFlash.o"
Deleting file ".\ARM_GCC_441\Debug\CyLib.o"
Deleting file ".\ARM_GCC_441\Debug\cyPm.o"
Deleting file ".\ARM_GCC_441\Debug\CySpc.o"
Deleting file ".\ARM_GCC_441\Debug\cyutils.o"
Deleting file ".\ARM_GCC_441\Debug\Timer_2.o"
Deleting file ".\ARM_GCC_441\Debug\Timer_2_PM.o"
Deleting file ".\ARM_GCC_441\Debug\timer_clock_1.o"
Deleting file ".\ARM_GCC_441\Debug\isr_2.o"
Deleting file ".\ARM_GCC_441\Debug\cyfitter_cfg.o"
Deleting file ".\ARM_GCC_441\Debug\Synthdude.hex"
Deleting file ".\ARM_GCC_441\Debug\Synthdude.elf"
Deleting file ".\ARM_GCC_441\Debug\Synthdude.map"
Deleting file ".\Synthdude.cycdx"
Deleting file ".\Synthdude.svd"
Deleting file ".\Synthdude.rpt"
Deleting file ".\Synthdude_timing.html"
Deleting file ".\ARM_GCC_441\Debug\.deps\C_FILE.P"
Deleting file ".\ARM_GCC_441\Debug\.deps\ARM_C_FILE.P"
Deleting file ".\ARM_GCC_441\Debug\.deps\GNU_ARM_ASM_FILE.P"
--------------- Clean Succeeded: 05/09/2017 21:56:32 ---------------
