ARM GAS  C:\Users\RAPHAE~1\AppData\Local\Temp\cc5wbzkJ.s 			page 1


   1              		.syntax unified
   2              		.cpu cortex-m3
   3              		.fpu softvfp
   4              		.eabi_attribute 20, 1
   5              		.eabi_attribute 21, 1
   6              		.eabi_attribute 23, 3
   7              		.eabi_attribute 24, 1
   8              		.eabi_attribute 25, 1
   9              		.eabi_attribute 26, 1
  10              		.eabi_attribute 30, 6
  11              		.eabi_attribute 18, 4
  12              		.thumb
  13              		.file	"VDAC8_1_PM.c"
  14              		.section	.debug_abbrev,"",%progbits
  15              	.Ldebug_abbrev0:
  16              		.section	.debug_info,"",%progbits
  17              	.Ldebug_info0:
  18              		.section	.debug_line,"",%progbits
  19              	.Ldebug_line0:
  20 0000 C9000000 		.text
  20      02007000 
  20      00000201 
  20      FB0E0D00 
  20      01010101 
  21              	.Ltext0:
  22              		.cfi_sections	.debug_frame
  23              		.bss
  24              		.align	2
  25              	VDAC8_1_backup:
  26 0000 0000     		.space	2
  27 0002 0000     		.section	.text.VDAC8_1_SaveConfig,"ax",%progbits
  28              		.align	2
  29              		.global	VDAC8_1_SaveConfig
  30              		.thumb
  31              		.thumb_func
  32              		.type	VDAC8_1_SaveConfig, %function
  33              	VDAC8_1_SaveConfig:
  34              	.LFB0:
  35              		.file 1 ".\\Generated_Source\\PSoC5\\VDAC8_1_PM.c"
   1:.\Generated_Source\PSoC5/VDAC8_1_PM.c **** /*******************************************************************************
   2:.\Generated_Source\PSoC5/VDAC8_1_PM.c **** * File Name: VDAC8_1_PM.c  
   3:.\Generated_Source\PSoC5/VDAC8_1_PM.c **** * Version 1.90
   4:.\Generated_Source\PSoC5/VDAC8_1_PM.c **** *
   5:.\Generated_Source\PSoC5/VDAC8_1_PM.c **** * Description:
   6:.\Generated_Source\PSoC5/VDAC8_1_PM.c **** *  This file provides the power management source code to API for the
   7:.\Generated_Source\PSoC5/VDAC8_1_PM.c **** *  VDAC8.  
   8:.\Generated_Source\PSoC5/VDAC8_1_PM.c **** *
   9:.\Generated_Source\PSoC5/VDAC8_1_PM.c **** * Note:
  10:.\Generated_Source\PSoC5/VDAC8_1_PM.c **** *  None
  11:.\Generated_Source\PSoC5/VDAC8_1_PM.c **** *
  12:.\Generated_Source\PSoC5/VDAC8_1_PM.c **** ********************************************************************************
  13:.\Generated_Source\PSoC5/VDAC8_1_PM.c **** * Copyright 2008-2012, Cypress Semiconductor Corporation.  All rights reserved.
  14:.\Generated_Source\PSoC5/VDAC8_1_PM.c **** * You may use this file only in accordance with the license, terms, conditions, 
  15:.\Generated_Source\PSoC5/VDAC8_1_PM.c **** * disclaimers, and limitations in the end user license agreement accompanying 
  16:.\Generated_Source\PSoC5/VDAC8_1_PM.c **** * the software package with which this file was provided.
  17:.\Generated_Source\PSoC5/VDAC8_1_PM.c **** *******************************************************************************/
  18:.\Generated_Source\PSoC5/VDAC8_1_PM.c **** 
ARM GAS  C:\Users\RAPHAE~1\AppData\Local\Temp\cc5wbzkJ.s 			page 2


  19:.\Generated_Source\PSoC5/VDAC8_1_PM.c **** #include "VDAC8_1.h"
  20:.\Generated_Source\PSoC5/VDAC8_1_PM.c **** 
  21:.\Generated_Source\PSoC5/VDAC8_1_PM.c **** static VDAC8_1_backupStruct VDAC8_1_backup;
  22:.\Generated_Source\PSoC5/VDAC8_1_PM.c **** 
  23:.\Generated_Source\PSoC5/VDAC8_1_PM.c **** 
  24:.\Generated_Source\PSoC5/VDAC8_1_PM.c **** /*******************************************************************************
  25:.\Generated_Source\PSoC5/VDAC8_1_PM.c **** * Function Name: VDAC8_1_SaveConfig
  26:.\Generated_Source\PSoC5/VDAC8_1_PM.c **** ********************************************************************************
  27:.\Generated_Source\PSoC5/VDAC8_1_PM.c **** * Summary:
  28:.\Generated_Source\PSoC5/VDAC8_1_PM.c **** *  Save the current user configuration
  29:.\Generated_Source\PSoC5/VDAC8_1_PM.c **** *
  30:.\Generated_Source\PSoC5/VDAC8_1_PM.c **** * Parameters:  
  31:.\Generated_Source\PSoC5/VDAC8_1_PM.c **** *  void  
  32:.\Generated_Source\PSoC5/VDAC8_1_PM.c **** *
  33:.\Generated_Source\PSoC5/VDAC8_1_PM.c **** * Return: 
  34:.\Generated_Source\PSoC5/VDAC8_1_PM.c **** *  void
  35:.\Generated_Source\PSoC5/VDAC8_1_PM.c **** *
  36:.\Generated_Source\PSoC5/VDAC8_1_PM.c **** *******************************************************************************/
  37:.\Generated_Source\PSoC5/VDAC8_1_PM.c **** void VDAC8_1_SaveConfig(void) 
  38:.\Generated_Source\PSoC5/VDAC8_1_PM.c **** {
  36              		.loc 1 38 0
  37              		.cfi_startproc
  38              		@ args = 0, pretend = 0, frame = 0
  39              		@ frame_needed = 1, uses_anonymous_args = 0
  40              		@ link register save eliminated.
  41 0000 80B4     		push	{r7}
  42              	.LCFI0:
  43              		.cfi_def_cfa_offset 4
  44 0002 00AF     		add	r7, sp, #0
  45              		.cfi_offset 7, -4
  46              	.LCFI1:
  47              		.cfi_def_cfa_register 7
  39:.\Generated_Source\PSoC5/VDAC8_1_PM.c ****     if (!((VDAC8_1_CR1 & VDAC8_1_SRC_MASK) == VDAC8_1_SRC_UDB))
  48              		.loc 1 39 0
  49 0004 45F62103 		movw	r3, #:lower16:1073764385
  50 0008 C4F20003 		movt	r3, #:upper16:1073764385
  51 000c 1B78     		ldrb	r3, [r3, #0]
  52 000e DBB2     		uxtb	r3, r3
  53 0010 03F02003 		and	r3, r3, #32
  54 0014 002B     		cmp	r3, #0
  55 0016 0AD1     		bne	.L3
  40:.\Generated_Source\PSoC5/VDAC8_1_PM.c ****     {
  41:.\Generated_Source\PSoC5/VDAC8_1_PM.c ****         VDAC8_1_backup.data_value = VDAC8_1_Data;
  56              		.loc 1 41 0
  57 0018 45F68033 		movw	r3, #:lower16:1073765248
  58 001c C4F20003 		movt	r3, #:upper16:1073765248
  59 0020 1B78     		ldrb	r3, [r3, #0]
  60 0022 DAB2     		uxtb	r2, r3
  61 0024 40F20003 		movw	r3, #:lower16:VDAC8_1_backup
  62 0028 C0F20003 		movt	r3, #:upper16:VDAC8_1_backup
  63 002c 5A70     		strb	r2, [r3, #1]
  64              	.L3:
  42:.\Generated_Source\PSoC5/VDAC8_1_PM.c ****     }
  43:.\Generated_Source\PSoC5/VDAC8_1_PM.c **** }
  65              		.loc 1 43 0
  66 002e BD46     		mov	sp, r7
  67 0030 80BC     		pop	{r7}
ARM GAS  C:\Users\RAPHAE~1\AppData\Local\Temp\cc5wbzkJ.s 			page 3


  68 0032 7047     		bx	lr
  69              		.cfi_endproc
  70              	.LFE0:
  71              		.size	VDAC8_1_SaveConfig, .-VDAC8_1_SaveConfig
  72              		.section	.text.VDAC8_1_RestoreConfig,"ax",%progbits
  73              		.align	2
  74              		.global	VDAC8_1_RestoreConfig
  75              		.thumb
  76              		.thumb_func
  77              		.type	VDAC8_1_RestoreConfig, %function
  78              	VDAC8_1_RestoreConfig:
  79              	.LFB1:
  44:.\Generated_Source\PSoC5/VDAC8_1_PM.c **** 
  45:.\Generated_Source\PSoC5/VDAC8_1_PM.c **** 
  46:.\Generated_Source\PSoC5/VDAC8_1_PM.c **** /*******************************************************************************
  47:.\Generated_Source\PSoC5/VDAC8_1_PM.c **** * Function Name: VDAC8_1_RestoreConfig
  48:.\Generated_Source\PSoC5/VDAC8_1_PM.c **** ********************************************************************************
  49:.\Generated_Source\PSoC5/VDAC8_1_PM.c **** *
  50:.\Generated_Source\PSoC5/VDAC8_1_PM.c **** * Summary:
  51:.\Generated_Source\PSoC5/VDAC8_1_PM.c **** *  Restores the current user configuration.
  52:.\Generated_Source\PSoC5/VDAC8_1_PM.c **** *
  53:.\Generated_Source\PSoC5/VDAC8_1_PM.c **** * Parameters:  
  54:.\Generated_Source\PSoC5/VDAC8_1_PM.c **** *  void
  55:.\Generated_Source\PSoC5/VDAC8_1_PM.c **** *
  56:.\Generated_Source\PSoC5/VDAC8_1_PM.c **** * Return: 
  57:.\Generated_Source\PSoC5/VDAC8_1_PM.c **** *  void
  58:.\Generated_Source\PSoC5/VDAC8_1_PM.c **** *
  59:.\Generated_Source\PSoC5/VDAC8_1_PM.c **** *******************************************************************************/
  60:.\Generated_Source\PSoC5/VDAC8_1_PM.c **** void VDAC8_1_RestoreConfig(void) 
  61:.\Generated_Source\PSoC5/VDAC8_1_PM.c **** {
  80              		.loc 1 61 0
  81              		.cfi_startproc
  82              		@ args = 0, pretend = 0, frame = 0
  83              		@ frame_needed = 1, uses_anonymous_args = 0
  84              		@ link register save eliminated.
  85 0000 80B4     		push	{r7}
  86              	.LCFI2:
  87              		.cfi_def_cfa_offset 4
  88 0002 00AF     		add	r7, sp, #0
  89              		.cfi_offset 7, -4
  90              	.LCFI3:
  91              		.cfi_def_cfa_register 7
  62:.\Generated_Source\PSoC5/VDAC8_1_PM.c ****     if (!((VDAC8_1_CR1 & VDAC8_1_SRC_MASK) == VDAC8_1_SRC_UDB))
  92              		.loc 1 62 0
  93 0004 45F62103 		movw	r3, #:lower16:1073764385
  94 0008 C4F20003 		movt	r3, #:upper16:1073764385
  95 000c 1B78     		ldrb	r3, [r3, #0]
  96 000e DBB2     		uxtb	r3, r3
  97 0010 03F02003 		and	r3, r3, #32
  98 0014 002B     		cmp	r3, #0
  99 0016 39D1     		bne	.L7
  63:.\Generated_Source\PSoC5/VDAC8_1_PM.c ****     {
  64:.\Generated_Source\PSoC5/VDAC8_1_PM.c ****         if((VDAC8_1_Strobe & VDAC8_1_STRB_MASK) == VDAC8_1_STRB_EN)
 100              		.loc 1 64 0
 101 0018 45F68723 		movw	r3, #:lower16:1073764999
 102 001c C4F20003 		movt	r3, #:upper16:1073764999
 103 0020 1B78     		ldrb	r3, [r3, #0]
ARM GAS  C:\Users\RAPHAE~1\AppData\Local\Temp\cc5wbzkJ.s 			page 4


 104 0022 DBB2     		uxtb	r3, r3
 105 0024 03F00803 		and	r3, r3, #8
 106 0028 002B     		cmp	r3, #0
 107 002a 25D0     		beq	.L6
  65:.\Generated_Source\PSoC5/VDAC8_1_PM.c ****         {
  66:.\Generated_Source\PSoC5/VDAC8_1_PM.c ****             VDAC8_1_Strobe &= (uint8)(~VDAC8_1_STRB_MASK);
 108              		.loc 1 66 0
 109 002c 45F68723 		movw	r3, #:lower16:1073764999
 110 0030 C4F20003 		movt	r3, #:upper16:1073764999
 111 0034 45F68722 		movw	r2, #:lower16:1073764999
 112 0038 C4F20002 		movt	r2, #:upper16:1073764999
 113 003c 1278     		ldrb	r2, [r2, #0]
 114 003e D2B2     		uxtb	r2, r2
 115 0040 02F0F702 		and	r2, r2, #247
 116 0044 1A70     		strb	r2, [r3, #0]
  67:.\Generated_Source\PSoC5/VDAC8_1_PM.c ****             VDAC8_1_Data = VDAC8_1_backup.data_value;
 117              		.loc 1 67 0
 118 0046 45F68033 		movw	r3, #:lower16:1073765248
 119 004a C4F20003 		movt	r3, #:upper16:1073765248
 120 004e 40F20002 		movw	r2, #:lower16:VDAC8_1_backup
 121 0052 C0F20002 		movt	r2, #:upper16:VDAC8_1_backup
 122 0056 5278     		ldrb	r2, [r2, #1]	@ zero_extendqisi2
 123 0058 1A70     		strb	r2, [r3, #0]
  68:.\Generated_Source\PSoC5/VDAC8_1_PM.c ****             VDAC8_1_Strobe |= VDAC8_1_STRB_EN;
 124              		.loc 1 68 0
 125 005a 45F68723 		movw	r3, #:lower16:1073764999
 126 005e C4F20003 		movt	r3, #:upper16:1073764999
 127 0062 45F68722 		movw	r2, #:lower16:1073764999
 128 0066 C4F20002 		movt	r2, #:upper16:1073764999
 129 006a 1278     		ldrb	r2, [r2, #0]
 130 006c D2B2     		uxtb	r2, r2
 131 006e 42F00802 		orr	r2, r2, #8
 132 0072 D2B2     		uxtb	r2, r2
 133 0074 1A70     		strb	r2, [r3, #0]
 134 0076 09E0     		b	.L7
 135              	.L6:
  69:.\Generated_Source\PSoC5/VDAC8_1_PM.c ****         }
  70:.\Generated_Source\PSoC5/VDAC8_1_PM.c ****         else
  71:.\Generated_Source\PSoC5/VDAC8_1_PM.c ****         {
  72:.\Generated_Source\PSoC5/VDAC8_1_PM.c ****             VDAC8_1_Data = VDAC8_1_backup.data_value;
 136              		.loc 1 72 0
 137 0078 45F68033 		movw	r3, #:lower16:1073765248
 138 007c C4F20003 		movt	r3, #:upper16:1073765248
 139 0080 40F20002 		movw	r2, #:lower16:VDAC8_1_backup
 140 0084 C0F20002 		movt	r2, #:upper16:VDAC8_1_backup
 141 0088 5278     		ldrb	r2, [r2, #1]	@ zero_extendqisi2
 142 008a 1A70     		strb	r2, [r3, #0]
 143              	.L7:
  73:.\Generated_Source\PSoC5/VDAC8_1_PM.c ****         }
  74:.\Generated_Source\PSoC5/VDAC8_1_PM.c ****     }
  75:.\Generated_Source\PSoC5/VDAC8_1_PM.c **** }
 144              		.loc 1 75 0
 145 008c BD46     		mov	sp, r7
 146 008e 80BC     		pop	{r7}
 147 0090 7047     		bx	lr
 148              		.cfi_endproc
 149              	.LFE1:
ARM GAS  C:\Users\RAPHAE~1\AppData\Local\Temp\cc5wbzkJ.s 			page 5


 150              		.size	VDAC8_1_RestoreConfig, .-VDAC8_1_RestoreConfig
 151 0092 00BF     		.section	.text.VDAC8_1_Sleep,"ax",%progbits
 152              		.align	2
 153              		.global	VDAC8_1_Sleep
 154              		.thumb
 155              		.thumb_func
 156              		.type	VDAC8_1_Sleep, %function
 157              	VDAC8_1_Sleep:
 158              	.LFB2:
  76:.\Generated_Source\PSoC5/VDAC8_1_PM.c **** 
  77:.\Generated_Source\PSoC5/VDAC8_1_PM.c **** 
  78:.\Generated_Source\PSoC5/VDAC8_1_PM.c **** /*******************************************************************************
  79:.\Generated_Source\PSoC5/VDAC8_1_PM.c **** * Function Name: VDAC8_1_Sleep
  80:.\Generated_Source\PSoC5/VDAC8_1_PM.c **** ********************************************************************************
  81:.\Generated_Source\PSoC5/VDAC8_1_PM.c **** * Summary:
  82:.\Generated_Source\PSoC5/VDAC8_1_PM.c **** *  Stop and Save the user configuration
  83:.\Generated_Source\PSoC5/VDAC8_1_PM.c **** *
  84:.\Generated_Source\PSoC5/VDAC8_1_PM.c **** * Parameters:  
  85:.\Generated_Source\PSoC5/VDAC8_1_PM.c **** *  void:  
  86:.\Generated_Source\PSoC5/VDAC8_1_PM.c **** *
  87:.\Generated_Source\PSoC5/VDAC8_1_PM.c **** * Return: 
  88:.\Generated_Source\PSoC5/VDAC8_1_PM.c **** *  void
  89:.\Generated_Source\PSoC5/VDAC8_1_PM.c **** *
  90:.\Generated_Source\PSoC5/VDAC8_1_PM.c **** * Global variables:
  91:.\Generated_Source\PSoC5/VDAC8_1_PM.c **** *  VDAC8_1_backup.enableState:  Is modified depending on the enable 
  92:.\Generated_Source\PSoC5/VDAC8_1_PM.c **** *  state  of the block before entering sleep mode.
  93:.\Generated_Source\PSoC5/VDAC8_1_PM.c **** *
  94:.\Generated_Source\PSoC5/VDAC8_1_PM.c **** *******************************************************************************/
  95:.\Generated_Source\PSoC5/VDAC8_1_PM.c **** void VDAC8_1_Sleep(void) 
  96:.\Generated_Source\PSoC5/VDAC8_1_PM.c **** {
 159              		.loc 1 96 0
 160              		.cfi_startproc
 161              		@ args = 0, pretend = 0, frame = 0
 162              		@ frame_needed = 1, uses_anonymous_args = 0
 163 0000 80B5     		push	{r7, lr}
 164              	.LCFI4:
 165              		.cfi_def_cfa_offset 8
 166 0002 00AF     		add	r7, sp, #0
 167              		.cfi_offset 14, -4
 168              		.cfi_offset 7, -8
 169              	.LCFI5:
 170              		.cfi_def_cfa_register 7
  97:.\Generated_Source\PSoC5/VDAC8_1_PM.c ****     /* Save VDAC8's enable state */    
  98:.\Generated_Source\PSoC5/VDAC8_1_PM.c ****     if(VDAC8_1_ACT_PWR_EN == (VDAC8_1_PWRMGR & VDAC8_1_ACT_PWR_EN))
 171              		.loc 1 98 0
 172 0004 44F2A833 		movw	r3, #:lower16:1073759144
 173 0008 C4F20003 		movt	r3, #:upper16:1073759144
 174 000c 1B78     		ldrb	r3, [r3, #0]
 175 000e DBB2     		uxtb	r3, r3
 176 0010 03F00103 		and	r3, r3, #1
 177 0014 DBB2     		uxtb	r3, r3
 178 0016 002B     		cmp	r3, #0
 179 0018 07D0     		beq	.L9
  99:.\Generated_Source\PSoC5/VDAC8_1_PM.c ****     {
 100:.\Generated_Source\PSoC5/VDAC8_1_PM.c ****         /* VDAC8 is enabled */
 101:.\Generated_Source\PSoC5/VDAC8_1_PM.c ****         VDAC8_1_backup.enableState = 1u;
 180              		.loc 1 101 0
ARM GAS  C:\Users\RAPHAE~1\AppData\Local\Temp\cc5wbzkJ.s 			page 6


 181 001a 40F20003 		movw	r3, #:lower16:VDAC8_1_backup
 182 001e C0F20003 		movt	r3, #:upper16:VDAC8_1_backup
 183 0022 4FF00102 		mov	r2, #1
 184 0026 1A70     		strb	r2, [r3, #0]
 185 0028 06E0     		b	.L10
 186              	.L9:
 102:.\Generated_Source\PSoC5/VDAC8_1_PM.c ****     }
 103:.\Generated_Source\PSoC5/VDAC8_1_PM.c ****     else
 104:.\Generated_Source\PSoC5/VDAC8_1_PM.c ****     {
 105:.\Generated_Source\PSoC5/VDAC8_1_PM.c ****         /* VDAC8 is disabled */
 106:.\Generated_Source\PSoC5/VDAC8_1_PM.c ****         VDAC8_1_backup.enableState = 0u;
 187              		.loc 1 106 0
 188 002a 40F20003 		movw	r3, #:lower16:VDAC8_1_backup
 189 002e C0F20003 		movt	r3, #:upper16:VDAC8_1_backup
 190 0032 4FF00002 		mov	r2, #0
 191 0036 1A70     		strb	r2, [r3, #0]
 192              	.L10:
 107:.\Generated_Source\PSoC5/VDAC8_1_PM.c ****     }
 108:.\Generated_Source\PSoC5/VDAC8_1_PM.c ****     
 109:.\Generated_Source\PSoC5/VDAC8_1_PM.c ****     VDAC8_1_Stop();
 193              		.loc 1 109 0
 194 0038 FFF7FEFF 		bl	VDAC8_1_Stop
 110:.\Generated_Source\PSoC5/VDAC8_1_PM.c ****     VDAC8_1_SaveConfig();
 195              		.loc 1 110 0
 196 003c FFF7FEFF 		bl	VDAC8_1_SaveConfig
 111:.\Generated_Source\PSoC5/VDAC8_1_PM.c **** }
 197              		.loc 1 111 0
 198 0040 80BD     		pop	{r7, pc}
 199              		.cfi_endproc
 200              	.LFE2:
 201              		.size	VDAC8_1_Sleep, .-VDAC8_1_Sleep
 202 0042 00BF     		.section	.text.VDAC8_1_Wakeup,"ax",%progbits
 203              		.align	2
 204              		.global	VDAC8_1_Wakeup
 205              		.thumb
 206              		.thumb_func
 207              		.type	VDAC8_1_Wakeup, %function
 208              	VDAC8_1_Wakeup:
 209              	.LFB3:
 112:.\Generated_Source\PSoC5/VDAC8_1_PM.c **** 
 113:.\Generated_Source\PSoC5/VDAC8_1_PM.c **** 
 114:.\Generated_Source\PSoC5/VDAC8_1_PM.c **** /*******************************************************************************
 115:.\Generated_Source\PSoC5/VDAC8_1_PM.c **** * Function Name: VDAC8_1_Wakeup
 116:.\Generated_Source\PSoC5/VDAC8_1_PM.c **** ********************************************************************************
 117:.\Generated_Source\PSoC5/VDAC8_1_PM.c **** *
 118:.\Generated_Source\PSoC5/VDAC8_1_PM.c **** * Summary:
 119:.\Generated_Source\PSoC5/VDAC8_1_PM.c **** *  Restores and enables the user configuration
 120:.\Generated_Source\PSoC5/VDAC8_1_PM.c **** *  
 121:.\Generated_Source\PSoC5/VDAC8_1_PM.c **** * Parameters:  
 122:.\Generated_Source\PSoC5/VDAC8_1_PM.c **** *  void
 123:.\Generated_Source\PSoC5/VDAC8_1_PM.c **** *
 124:.\Generated_Source\PSoC5/VDAC8_1_PM.c **** * Return: 
 125:.\Generated_Source\PSoC5/VDAC8_1_PM.c **** *  void
 126:.\Generated_Source\PSoC5/VDAC8_1_PM.c **** *
 127:.\Generated_Source\PSoC5/VDAC8_1_PM.c **** * Global variables:
 128:.\Generated_Source\PSoC5/VDAC8_1_PM.c **** *  VDAC8_1_backup.enableState:  Is used to restore the enable state of 
 129:.\Generated_Source\PSoC5/VDAC8_1_PM.c **** *  block on wakeup from sleep mode.
ARM GAS  C:\Users\RAPHAE~1\AppData\Local\Temp\cc5wbzkJ.s 			page 7


 130:.\Generated_Source\PSoC5/VDAC8_1_PM.c **** *
 131:.\Generated_Source\PSoC5/VDAC8_1_PM.c **** *******************************************************************************/
 132:.\Generated_Source\PSoC5/VDAC8_1_PM.c **** void VDAC8_1_Wakeup(void) 
 133:.\Generated_Source\PSoC5/VDAC8_1_PM.c **** {
 210              		.loc 1 133 0
 211              		.cfi_startproc
 212              		@ args = 0, pretend = 0, frame = 0
 213              		@ frame_needed = 1, uses_anonymous_args = 0
 214 0000 80B5     		push	{r7, lr}
 215              	.LCFI6:
 216              		.cfi_def_cfa_offset 8
 217 0002 00AF     		add	r7, sp, #0
 218              		.cfi_offset 14, -4
 219              		.cfi_offset 7, -8
 220              	.LCFI7:
 221              		.cfi_def_cfa_register 7
 134:.\Generated_Source\PSoC5/VDAC8_1_PM.c ****     VDAC8_1_RestoreConfig();
 222              		.loc 1 134 0
 223 0004 FFF7FEFF 		bl	VDAC8_1_RestoreConfig
 135:.\Generated_Source\PSoC5/VDAC8_1_PM.c ****     
 136:.\Generated_Source\PSoC5/VDAC8_1_PM.c ****     if(VDAC8_1_backup.enableState == 1u)
 224              		.loc 1 136 0
 225 0008 40F20003 		movw	r3, #:lower16:VDAC8_1_backup
 226 000c C0F20003 		movt	r3, #:upper16:VDAC8_1_backup
 227 0010 1B78     		ldrb	r3, [r3, #0]	@ zero_extendqisi2
 228 0012 012B     		cmp	r3, #1
 229 0014 0AD1     		bne	.L14
 137:.\Generated_Source\PSoC5/VDAC8_1_PM.c ****     {
 138:.\Generated_Source\PSoC5/VDAC8_1_PM.c ****         /* Enable VDAC8's operation */
 139:.\Generated_Source\PSoC5/VDAC8_1_PM.c ****         VDAC8_1_Enable();
 230              		.loc 1 139 0
 231 0016 FFF7FEFF 		bl	VDAC8_1_Enable
 140:.\Generated_Source\PSoC5/VDAC8_1_PM.c **** 
 141:.\Generated_Source\PSoC5/VDAC8_1_PM.c ****         /* Restore the data register */
 142:.\Generated_Source\PSoC5/VDAC8_1_PM.c ****         VDAC8_1_SetValue(VDAC8_1_Data);
 232              		.loc 1 142 0
 233 001a 45F68033 		movw	r3, #:lower16:1073765248
 234 001e C4F20003 		movt	r3, #:upper16:1073765248
 235 0022 1B78     		ldrb	r3, [r3, #0]
 236 0024 DBB2     		uxtb	r3, r3
 237 0026 1846     		mov	r0, r3
 238 0028 FFF7FEFF 		bl	VDAC8_1_SetValue
 239              	.L14:
 143:.\Generated_Source\PSoC5/VDAC8_1_PM.c ****     } /* Do nothing if VDAC8 was disabled before */    
 144:.\Generated_Source\PSoC5/VDAC8_1_PM.c **** }
 240              		.loc 1 144 0
 241 002c 80BD     		pop	{r7, pc}
 242              		.cfi_endproc
 243              	.LFE3:
 244              		.size	VDAC8_1_Wakeup, .-VDAC8_1_Wakeup
 245 002e 00BF     		.text
 246              	.Letext0:
 247              		.section	.debug_loc,"",%progbits
 248              	.Ldebug_loc0:
 249              	.LLST0:
 250 0000 00000000 		.4byte	.LFB0
 251 0004 02000000 		.4byte	.LCFI0
ARM GAS  C:\Users\RAPHAE~1\AppData\Local\Temp\cc5wbzkJ.s 			page 8


 252 0008 0100     		.2byte	0x1
 253 000a 5D       		.byte	0x5d
 254 000b 02000000 		.4byte	.LCFI0
 255 000f 04000000 		.4byte	.LCFI1
 256 0013 0200     		.2byte	0x2
 257 0015 7D       		.byte	0x7d
 258 0016 04       		.sleb128 4
 259 0017 04000000 		.4byte	.LCFI1
 260 001b 34000000 		.4byte	.LFE0
 261 001f 0200     		.2byte	0x2
 262 0021 77       		.byte	0x77
 263 0022 04       		.sleb128 4
 264 0023 00000000 		.4byte	0x0
 265 0027 00000000 		.4byte	0x0
 266              	.LLST1:
 267 002b 00000000 		.4byte	.LFB1
 268 002f 02000000 		.4byte	.LCFI2
 269 0033 0100     		.2byte	0x1
 270 0035 5D       		.byte	0x5d
 271 0036 02000000 		.4byte	.LCFI2
 272 003a 04000000 		.4byte	.LCFI3
 273 003e 0200     		.2byte	0x2
 274 0040 7D       		.byte	0x7d
 275 0041 04       		.sleb128 4
 276 0042 04000000 		.4byte	.LCFI3
 277 0046 92000000 		.4byte	.LFE1
 278 004a 0200     		.2byte	0x2
 279 004c 77       		.byte	0x77
 280 004d 04       		.sleb128 4
 281 004e 00000000 		.4byte	0x0
 282 0052 00000000 		.4byte	0x0
 283              	.LLST2:
 284 0056 00000000 		.4byte	.LFB2
 285 005a 02000000 		.4byte	.LCFI4
 286 005e 0100     		.2byte	0x1
 287 0060 5D       		.byte	0x5d
 288 0061 02000000 		.4byte	.LCFI4
 289 0065 04000000 		.4byte	.LCFI5
 290 0069 0200     		.2byte	0x2
 291 006b 7D       		.byte	0x7d
 292 006c 08       		.sleb128 8
 293 006d 04000000 		.4byte	.LCFI5
 294 0071 42000000 		.4byte	.LFE2
 295 0075 0200     		.2byte	0x2
 296 0077 77       		.byte	0x77
 297 0078 08       		.sleb128 8
 298 0079 00000000 		.4byte	0x0
 299 007d 00000000 		.4byte	0x0
 300              	.LLST3:
 301 0081 00000000 		.4byte	.LFB3
 302 0085 02000000 		.4byte	.LCFI6
 303 0089 0100     		.2byte	0x1
 304 008b 5D       		.byte	0x5d
 305 008c 02000000 		.4byte	.LCFI6
 306 0090 04000000 		.4byte	.LCFI7
 307 0094 0200     		.2byte	0x2
 308 0096 7D       		.byte	0x7d
ARM GAS  C:\Users\RAPHAE~1\AppData\Local\Temp\cc5wbzkJ.s 			page 9


 309 0097 08       		.sleb128 8
 310 0098 04000000 		.4byte	.LCFI7
 311 009c 2E000000 		.4byte	.LFE3
 312 00a0 0200     		.2byte	0x2
 313 00a2 77       		.byte	0x77
 314 00a3 08       		.sleb128 8
 315 00a4 00000000 		.4byte	0x0
 316 00a8 00000000 		.4byte	0x0
 317              		.file 2 ".\\Generated_Source\\PSoC5\\/VDAC8_1.h"
 318              		.file 3 ".\\Generated_Source\\PSoC5\\/cytypes.h"
 319              		.section	.debug_info
 320 0000 21010000 		.4byte	0x121
 321 0004 0200     		.2byte	0x2
 322 0006 00000000 		.4byte	.Ldebug_abbrev0
 323 000a 04       		.byte	0x4
 324 000b 01       		.uleb128 0x1
 325 000c 47010000 		.4byte	.LASF20
 326 0010 01       		.byte	0x1
 327 0011 12010000 		.4byte	.LASF21
 328 0015 7A000000 		.4byte	.LASF22
 329 0019 00000000 		.4byte	0x0
 330 001d 00000000 		.4byte	0x0
 331 0021 00000000 		.4byte	.Ldebug_ranges0+0x0
 332 0025 00000000 		.4byte	.Ldebug_line0
 333 0029 02       		.uleb128 0x2
 334 002a 01       		.byte	0x1
 335 002b 06       		.byte	0x6
 336 002c 92010000 		.4byte	.LASF0
 337 0030 02       		.uleb128 0x2
 338 0031 01       		.byte	0x1
 339 0032 08       		.byte	0x8
 340 0033 40000000 		.4byte	.LASF1
 341 0037 02       		.uleb128 0x2
 342 0038 02       		.byte	0x2
 343 0039 05       		.byte	0x5
 344 003a 58010000 		.4byte	.LASF2
 345 003e 02       		.uleb128 0x2
 346 003f 02       		.byte	0x2
 347 0040 07       		.byte	0x7
 348 0041 60000000 		.4byte	.LASF3
 349 0045 02       		.uleb128 0x2
 350 0046 04       		.byte	0x4
 351 0047 05       		.byte	0x5
 352 0048 7D010000 		.4byte	.LASF4
 353 004c 02       		.uleb128 0x2
 354 004d 04       		.byte	0x4
 355 004e 07       		.byte	0x7
 356 004f 4E000000 		.4byte	.LASF5
 357 0053 02       		.uleb128 0x2
 358 0054 08       		.byte	0x8
 359 0055 05       		.byte	0x5
 360 0056 00000000 		.4byte	.LASF6
 361 005a 02       		.uleb128 0x2
 362 005b 08       		.byte	0x8
 363 005c 07       		.byte	0x7
 364 005d FB000000 		.4byte	.LASF7
 365 0061 03       		.uleb128 0x3
ARM GAS  C:\Users\RAPHAE~1\AppData\Local\Temp\cc5wbzkJ.s 			page 10


 366 0062 04       		.byte	0x4
 367 0063 05       		.byte	0x5
 368 0064 696E7400 		.ascii	"int\000"
 369 0068 02       		.uleb128 0x2
 370 0069 04       		.byte	0x4
 371 006a 07       		.byte	0x7
 372 006b EE000000 		.4byte	.LASF8
 373 006f 04       		.uleb128 0x4
 374 0070 77010000 		.4byte	.LASF14
 375 0074 03       		.byte	0x3
 376 0075 4C       		.byte	0x4c
 377 0076 30000000 		.4byte	0x30
 378 007a 02       		.uleb128 0x2
 379 007b 04       		.byte	0x4
 380 007c 04       		.byte	0x4
 381 007d 3A000000 		.4byte	.LASF9
 382 0081 02       		.uleb128 0x2
 383 0082 08       		.byte	0x8
 384 0083 04       		.byte	0x4
 385 0084 73000000 		.4byte	.LASF10
 386 0088 02       		.uleb128 0x2
 387 0089 01       		.byte	0x1
 388 008a 08       		.byte	0x8
 389 008b 53010000 		.4byte	.LASF11
 390 008f 05       		.uleb128 0x5
 391 0090 02       		.byte	0x2
 392 0091 02       		.byte	0x2
 393 0092 26       		.byte	0x26
 394 0093 B4000000 		.4byte	0xb4
 395 0097 06       		.uleb128 0x6
 396 0098 86010000 		.4byte	.LASF12
 397 009c 02       		.byte	0x2
 398 009d 27       		.byte	0x27
 399 009e 6F000000 		.4byte	0x6f
 400 00a2 02       		.byte	0x2
 401 00a3 23       		.byte	0x23
 402 00a4 00       		.uleb128 0x0
 403 00a5 06       		.uleb128 0x6
 404 00a6 21000000 		.4byte	.LASF13
 405 00aa 02       		.byte	0x2
 406 00ab 28       		.byte	0x28
 407 00ac 6F000000 		.4byte	0x6f
 408 00b0 02       		.byte	0x2
 409 00b1 23       		.byte	0x23
 410 00b2 01       		.uleb128 0x1
 411 00b3 00       		.byte	0x0
 412 00b4 04       		.uleb128 0x4
 413 00b5 62010000 		.4byte	.LASF15
 414 00b9 02       		.byte	0x2
 415 00ba 29       		.byte	0x29
 416 00bb 8F000000 		.4byte	0x8f
 417 00bf 07       		.uleb128 0x7
 418 00c0 01       		.byte	0x1
 419 00c1 0E000000 		.4byte	.LASF16
 420 00c5 01       		.byte	0x1
 421 00c6 25       		.byte	0x25
 422 00c7 01       		.byte	0x1
ARM GAS  C:\Users\RAPHAE~1\AppData\Local\Temp\cc5wbzkJ.s 			page 11


 423 00c8 00000000 		.4byte	.LFB0
 424 00cc 34000000 		.4byte	.LFE0
 425 00d0 00000000 		.4byte	.LLST0
 426 00d4 07       		.uleb128 0x7
 427 00d5 01       		.byte	0x1
 428 00d6 D8000000 		.4byte	.LASF17
 429 00da 01       		.byte	0x1
 430 00db 3C       		.byte	0x3c
 431 00dc 01       		.byte	0x1
 432 00dd 00000000 		.4byte	.LFB1
 433 00e1 92000000 		.4byte	.LFE1
 434 00e5 2B000000 		.4byte	.LLST1
 435 00e9 07       		.uleb128 0x7
 436 00ea 01       		.byte	0x1
 437 00eb 2C000000 		.4byte	.LASF18
 438 00ef 01       		.byte	0x1
 439 00f0 5F       		.byte	0x5f
 440 00f1 01       		.byte	0x1
 441 00f2 00000000 		.4byte	.LFB2
 442 00f6 42000000 		.4byte	.LFE2
 443 00fa 56000000 		.4byte	.LLST2
 444 00fe 07       		.uleb128 0x7
 445 00ff 01       		.byte	0x1
 446 0100 9E010000 		.4byte	.LASF19
 447 0104 01       		.byte	0x1
 448 0105 84       		.byte	0x84
 449 0106 01       		.byte	0x1
 450 0107 00000000 		.4byte	.LFB3
 451 010b 2E000000 		.4byte	.LFE3
 452 010f 81000000 		.4byte	.LLST3
 453 0113 08       		.uleb128 0x8
 454 0114 38010000 		.4byte	.LASF23
 455 0118 01       		.byte	0x1
 456 0119 15       		.byte	0x15
 457 011a B4000000 		.4byte	0xb4
 458 011e 05       		.byte	0x5
 459 011f 03       		.byte	0x3
 460 0120 00000000 		.4byte	VDAC8_1_backup
 461 0124 00       		.byte	0x0
 462              		.section	.debug_abbrev
 463 0000 01       		.uleb128 0x1
 464 0001 11       		.uleb128 0x11
 465 0002 01       		.byte	0x1
 466 0003 25       		.uleb128 0x25
 467 0004 0E       		.uleb128 0xe
 468 0005 13       		.uleb128 0x13
 469 0006 0B       		.uleb128 0xb
 470 0007 03       		.uleb128 0x3
 471 0008 0E       		.uleb128 0xe
 472 0009 1B       		.uleb128 0x1b
 473 000a 0E       		.uleb128 0xe
 474 000b 11       		.uleb128 0x11
 475 000c 01       		.uleb128 0x1
 476 000d 52       		.uleb128 0x52
 477 000e 01       		.uleb128 0x1
 478 000f 55       		.uleb128 0x55
 479 0010 06       		.uleb128 0x6
ARM GAS  C:\Users\RAPHAE~1\AppData\Local\Temp\cc5wbzkJ.s 			page 12


 480 0011 10       		.uleb128 0x10
 481 0012 06       		.uleb128 0x6
 482 0013 00       		.byte	0x0
 483 0014 00       		.byte	0x0
 484 0015 02       		.uleb128 0x2
 485 0016 24       		.uleb128 0x24
 486 0017 00       		.byte	0x0
 487 0018 0B       		.uleb128 0xb
 488 0019 0B       		.uleb128 0xb
 489 001a 3E       		.uleb128 0x3e
 490 001b 0B       		.uleb128 0xb
 491 001c 03       		.uleb128 0x3
 492 001d 0E       		.uleb128 0xe
 493 001e 00       		.byte	0x0
 494 001f 00       		.byte	0x0
 495 0020 03       		.uleb128 0x3
 496 0021 24       		.uleb128 0x24
 497 0022 00       		.byte	0x0
 498 0023 0B       		.uleb128 0xb
 499 0024 0B       		.uleb128 0xb
 500 0025 3E       		.uleb128 0x3e
 501 0026 0B       		.uleb128 0xb
 502 0027 03       		.uleb128 0x3
 503 0028 08       		.uleb128 0x8
 504 0029 00       		.byte	0x0
 505 002a 00       		.byte	0x0
 506 002b 04       		.uleb128 0x4
 507 002c 16       		.uleb128 0x16
 508 002d 00       		.byte	0x0
 509 002e 03       		.uleb128 0x3
 510 002f 0E       		.uleb128 0xe
 511 0030 3A       		.uleb128 0x3a
 512 0031 0B       		.uleb128 0xb
 513 0032 3B       		.uleb128 0x3b
 514 0033 0B       		.uleb128 0xb
 515 0034 49       		.uleb128 0x49
 516 0035 13       		.uleb128 0x13
 517 0036 00       		.byte	0x0
 518 0037 00       		.byte	0x0
 519 0038 05       		.uleb128 0x5
 520 0039 13       		.uleb128 0x13
 521 003a 01       		.byte	0x1
 522 003b 0B       		.uleb128 0xb
 523 003c 0B       		.uleb128 0xb
 524 003d 3A       		.uleb128 0x3a
 525 003e 0B       		.uleb128 0xb
 526 003f 3B       		.uleb128 0x3b
 527 0040 0B       		.uleb128 0xb
 528 0041 01       		.uleb128 0x1
 529 0042 13       		.uleb128 0x13
 530 0043 00       		.byte	0x0
 531 0044 00       		.byte	0x0
 532 0045 06       		.uleb128 0x6
 533 0046 0D       		.uleb128 0xd
 534 0047 00       		.byte	0x0
 535 0048 03       		.uleb128 0x3
 536 0049 0E       		.uleb128 0xe
ARM GAS  C:\Users\RAPHAE~1\AppData\Local\Temp\cc5wbzkJ.s 			page 13


 537 004a 3A       		.uleb128 0x3a
 538 004b 0B       		.uleb128 0xb
 539 004c 3B       		.uleb128 0x3b
 540 004d 0B       		.uleb128 0xb
 541 004e 49       		.uleb128 0x49
 542 004f 13       		.uleb128 0x13
 543 0050 38       		.uleb128 0x38
 544 0051 0A       		.uleb128 0xa
 545 0052 00       		.byte	0x0
 546 0053 00       		.byte	0x0
 547 0054 07       		.uleb128 0x7
 548 0055 2E       		.uleb128 0x2e
 549 0056 00       		.byte	0x0
 550 0057 3F       		.uleb128 0x3f
 551 0058 0C       		.uleb128 0xc
 552 0059 03       		.uleb128 0x3
 553 005a 0E       		.uleb128 0xe
 554 005b 3A       		.uleb128 0x3a
 555 005c 0B       		.uleb128 0xb
 556 005d 3B       		.uleb128 0x3b
 557 005e 0B       		.uleb128 0xb
 558 005f 27       		.uleb128 0x27
 559 0060 0C       		.uleb128 0xc
 560 0061 11       		.uleb128 0x11
 561 0062 01       		.uleb128 0x1
 562 0063 12       		.uleb128 0x12
 563 0064 01       		.uleb128 0x1
 564 0065 40       		.uleb128 0x40
 565 0066 06       		.uleb128 0x6
 566 0067 00       		.byte	0x0
 567 0068 00       		.byte	0x0
 568 0069 08       		.uleb128 0x8
 569 006a 34       		.uleb128 0x34
 570 006b 00       		.byte	0x0
 571 006c 03       		.uleb128 0x3
 572 006d 0E       		.uleb128 0xe
 573 006e 3A       		.uleb128 0x3a
 574 006f 0B       		.uleb128 0xb
 575 0070 3B       		.uleb128 0x3b
 576 0071 0B       		.uleb128 0xb
 577 0072 49       		.uleb128 0x49
 578 0073 13       		.uleb128 0x13
 579 0074 02       		.uleb128 0x2
 580 0075 0A       		.uleb128 0xa
 581 0076 00       		.byte	0x0
 582 0077 00       		.byte	0x0
 583 0078 00       		.byte	0x0
 584              		.section	.debug_pubnames,"",%progbits
 585 0000 64000000 		.4byte	0x64
 586 0004 0200     		.2byte	0x2
 587 0006 00000000 		.4byte	.Ldebug_info0
 588 000a 25010000 		.4byte	0x125
 589 000e BF000000 		.4byte	0xbf
 590 0012 56444143 		.ascii	"VDAC8_1_SaveConfig\000"
 590      385F315F 
 590      53617665 
 590      436F6E66 
ARM GAS  C:\Users\RAPHAE~1\AppData\Local\Temp\cc5wbzkJ.s 			page 14


 590      696700
 591 0025 D4000000 		.4byte	0xd4
 592 0029 56444143 		.ascii	"VDAC8_1_RestoreConfig\000"
 592      385F315F 
 592      52657374 
 592      6F726543 
 592      6F6E6669 
 593 003f E9000000 		.4byte	0xe9
 594 0043 56444143 		.ascii	"VDAC8_1_Sleep\000"
 594      385F315F 
 594      536C6565 
 594      7000
 595 0051 FE000000 		.4byte	0xfe
 596 0055 56444143 		.ascii	"VDAC8_1_Wakeup\000"
 596      385F315F 
 596      57616B65 
 596      757000
 597 0064 00000000 		.4byte	0x0
 598              		.section	.debug_aranges,"",%progbits
 599 0000 34000000 		.4byte	0x34
 600 0004 0200     		.2byte	0x2
 601 0006 00000000 		.4byte	.Ldebug_info0
 602 000a 04       		.byte	0x4
 603 000b 00       		.byte	0x0
 604 000c 0000     		.2byte	0x0
 605 000e 0000     		.2byte	0x0
 606 0010 00000000 		.4byte	.LFB0
 607 0014 34000000 		.4byte	.LFE0-.LFB0
 608 0018 00000000 		.4byte	.LFB1
 609 001c 92000000 		.4byte	.LFE1-.LFB1
 610 0020 00000000 		.4byte	.LFB2
 611 0024 42000000 		.4byte	.LFE2-.LFB2
 612 0028 00000000 		.4byte	.LFB3
 613 002c 2E000000 		.4byte	.LFE3-.LFB3
 614 0030 00000000 		.4byte	0x0
 615 0034 00000000 		.4byte	0x0
 616              		.section	.debug_ranges,"",%progbits
 617              	.Ldebug_ranges0:
 618 0000 00000000 		.4byte	.Ltext0
 619 0004 00000000 		.4byte	.Letext0
 620 0008 00000000 		.4byte	.LFB0
 621 000c 34000000 		.4byte	.LFE0
 622 0010 00000000 		.4byte	.LFB1
 623 0014 92000000 		.4byte	.LFE1
 624 0018 00000000 		.4byte	.LFB2
 625 001c 42000000 		.4byte	.LFE2
 626 0020 00000000 		.4byte	.LFB3
 627 0024 2E000000 		.4byte	.LFE3
 628 0028 00000000 		.4byte	0x0
 629 002c 00000000 		.4byte	0x0
 630              		.section	.debug_str,"MS",%progbits,1
 631              	.LASF6:
 632 0000 6C6F6E67 		.ascii	"long long int\000"
 632      206C6F6E 
 632      6720696E 
 632      7400
 633              	.LASF16:
ARM GAS  C:\Users\RAPHAE~1\AppData\Local\Temp\cc5wbzkJ.s 			page 15


 634 000e 56444143 		.ascii	"VDAC8_1_SaveConfig\000"
 634      385F315F 
 634      53617665 
 634      436F6E66 
 634      696700
 635              	.LASF13:
 636 0021 64617461 		.ascii	"data_value\000"
 636      5F76616C 
 636      756500
 637              	.LASF18:
 638 002c 56444143 		.ascii	"VDAC8_1_Sleep\000"
 638      385F315F 
 638      536C6565 
 638      7000
 639              	.LASF9:
 640 003a 666C6F61 		.ascii	"float\000"
 640      7400
 641              	.LASF1:
 642 0040 756E7369 		.ascii	"unsigned char\000"
 642      676E6564 
 642      20636861 
 642      7200
 643              	.LASF5:
 644 004e 6C6F6E67 		.ascii	"long unsigned int\000"
 644      20756E73 
 644      69676E65 
 644      6420696E 
 644      7400
 645              	.LASF3:
 646 0060 73686F72 		.ascii	"short unsigned int\000"
 646      7420756E 
 646      7369676E 
 646      65642069 
 646      6E7400
 647              	.LASF10:
 648 0073 646F7562 		.ascii	"double\000"
 648      6C6500
 649              	.LASF22:
 650 007a 5C5C766D 		.ascii	"\\\\vmware-host\\Shared Folders\\Documents\\Archive"
 650      77617265 
 650      2D686F73 
 650      745C5368 
 650      61726564 
 651 00a8 5C536F70 		.ascii	"\\Sophomore Year\\6.115\\Synthdude\\Synthdude.cydsn"
 651      686F6D6F 
 651      72652059 
 651      6561725C 
 651      362E3131 
 652 00d7 00       		.ascii	"\000"
 653              	.LASF17:
 654 00d8 56444143 		.ascii	"VDAC8_1_RestoreConfig\000"
 654      385F315F 
 654      52657374 
 654      6F726543 
 654      6F6E6669 
 655              	.LASF8:
 656 00ee 756E7369 		.ascii	"unsigned int\000"
ARM GAS  C:\Users\RAPHAE~1\AppData\Local\Temp\cc5wbzkJ.s 			page 16


 656      676E6564 
 656      20696E74 
 656      00
 657              	.LASF7:
 658 00fb 6C6F6E67 		.ascii	"long long unsigned int\000"
 658      206C6F6E 
 658      6720756E 
 658      7369676E 
 658      65642069 
 659              	.LASF21:
 660 0112 2E5C4765 		.ascii	".\\Generated_Source\\PSoC5\\VDAC8_1_PM.c\000"
 660      6E657261 
 660      7465645F 
 660      536F7572 
 660      63655C50 
 661              	.LASF23:
 662 0138 56444143 		.ascii	"VDAC8_1_backup\000"
 662      385F315F 
 662      6261636B 
 662      757000
 663              	.LASF20:
 664 0147 474E5520 		.ascii	"GNU C 4.4.1\000"
 664      4320342E 
 664      342E3100 
 665              	.LASF11:
 666 0153 63686172 		.ascii	"char\000"
 666      00
 667              	.LASF2:
 668 0158 73686F72 		.ascii	"short int\000"
 668      7420696E 
 668      7400
 669              	.LASF15:
 670 0162 56444143 		.ascii	"VDAC8_1_backupStruct\000"
 670      385F315F 
 670      6261636B 
 670      75705374 
 670      72756374 
 671              	.LASF14:
 672 0177 75696E74 		.ascii	"uint8\000"
 672      3800
 673              	.LASF4:
 674 017d 6C6F6E67 		.ascii	"long int\000"
 674      20696E74 
 674      00
 675              	.LASF12:
 676 0186 656E6162 		.ascii	"enableState\000"
 676      6C655374 
 676      61746500 
 677              	.LASF0:
 678 0192 7369676E 		.ascii	"signed char\000"
 678      65642063 
 678      68617200 
 679              	.LASF19:
 680 019e 56444143 		.ascii	"VDAC8_1_Wakeup\000"
 680      385F315F 
 680      57616B65 
 680      757000
ARM GAS  C:\Users\RAPHAE~1\AppData\Local\Temp\cc5wbzkJ.s 			page 17


 681              		.ident	"GCC: (Sourcery G++ Lite 2010q1-188) 4.4.1"
