ARM GAS  C:\Users\RAPHAE~1\AppData\Local\Temp\ccehRoe2.s 			page 1


   1              		.syntax unified
   2              		.cpu cortex-m3
   3              		.fpu softvfp
   4              		.eabi_attribute 20, 1
   5              		.eabi_attribute 21, 1
   6              		.eabi_attribute 23, 3
   7              		.eabi_attribute 24, 1
   8              		.eabi_attribute 25, 1
   9              		.eabi_attribute 26, 1
  10              		.eabi_attribute 30, 6
  11              		.eabi_attribute 34, 1
  12              		.eabi_attribute 18, 4
  13              		.thumb
  14              		.file	"WaveDAC8_1_PM.c"
  15              		.text
  16              	.Ltext0:
  17              		.cfi_sections	.debug_frame
  18              		.bss
  19              		.align	2
  20              	WaveDAC8_1_backup:
  21 0000 00       		.space	1
  22 0001 000000   		.section	.text.WaveDAC8_1_Sleep,"ax",%progbits
  23              		.align	2
  24              		.global	WaveDAC8_1_Sleep
  25              		.thumb
  26              		.thumb_func
  27              		.type	WaveDAC8_1_Sleep, %function
  28              	WaveDAC8_1_Sleep:
  29              	.LFB0:
  30              		.file 1 "Generated_Source\\PSoC5\\WaveDAC8_1_PM.c"
   1:Generated_Source\PSoC5/WaveDAC8_1_PM.c **** /*******************************************************************************
   2:Generated_Source\PSoC5/WaveDAC8_1_PM.c **** * File Name: WaveDAC8_1_PM.c  
   3:Generated_Source\PSoC5/WaveDAC8_1_PM.c **** * Version 2.10
   4:Generated_Source\PSoC5/WaveDAC8_1_PM.c **** *
   5:Generated_Source\PSoC5/WaveDAC8_1_PM.c **** * Description:
   6:Generated_Source\PSoC5/WaveDAC8_1_PM.c **** *  This file provides the power manager source code to the API for 
   7:Generated_Source\PSoC5/WaveDAC8_1_PM.c **** *  the WaveDAC8 component.
   8:Generated_Source\PSoC5/WaveDAC8_1_PM.c **** *
   9:Generated_Source\PSoC5/WaveDAC8_1_PM.c **** ********************************************************************************
  10:Generated_Source\PSoC5/WaveDAC8_1_PM.c **** * Copyright 2013, Cypress Semiconductor Corporation.  All rights reserved.
  11:Generated_Source\PSoC5/WaveDAC8_1_PM.c **** * You may use this file only in accordance with the license, terms, conditions, 
  12:Generated_Source\PSoC5/WaveDAC8_1_PM.c **** * disclaimers, and limitations in the end user license agreement accompanying 
  13:Generated_Source\PSoC5/WaveDAC8_1_PM.c **** * the software package with which this file was provided.
  14:Generated_Source\PSoC5/WaveDAC8_1_PM.c **** *******************************************************************************/
  15:Generated_Source\PSoC5/WaveDAC8_1_PM.c **** 
  16:Generated_Source\PSoC5/WaveDAC8_1_PM.c **** #include "WaveDAC8_1.h"
  17:Generated_Source\PSoC5/WaveDAC8_1_PM.c **** 
  18:Generated_Source\PSoC5/WaveDAC8_1_PM.c **** static WaveDAC8_1_BACKUP_STRUCT  WaveDAC8_1_backup;
  19:Generated_Source\PSoC5/WaveDAC8_1_PM.c **** 
  20:Generated_Source\PSoC5/WaveDAC8_1_PM.c **** 
  21:Generated_Source\PSoC5/WaveDAC8_1_PM.c **** /*******************************************************************************
  22:Generated_Source\PSoC5/WaveDAC8_1_PM.c **** * Function Name: WaveDAC8_1_Sleep
  23:Generated_Source\PSoC5/WaveDAC8_1_PM.c **** ********************************************************************************
  24:Generated_Source\PSoC5/WaveDAC8_1_PM.c **** *
  25:Generated_Source\PSoC5/WaveDAC8_1_PM.c **** * Summary:
  26:Generated_Source\PSoC5/WaveDAC8_1_PM.c **** *  Stops the component and saves its configuration. Should be called 
  27:Generated_Source\PSoC5/WaveDAC8_1_PM.c **** *  just prior to entering sleep.
ARM GAS  C:\Users\RAPHAE~1\AppData\Local\Temp\ccehRoe2.s 			page 2


  28:Generated_Source\PSoC5/WaveDAC8_1_PM.c **** *  
  29:Generated_Source\PSoC5/WaveDAC8_1_PM.c **** * Parameters:  
  30:Generated_Source\PSoC5/WaveDAC8_1_PM.c **** *  None
  31:Generated_Source\PSoC5/WaveDAC8_1_PM.c **** *
  32:Generated_Source\PSoC5/WaveDAC8_1_PM.c **** * Return: 
  33:Generated_Source\PSoC5/WaveDAC8_1_PM.c **** *  None
  34:Generated_Source\PSoC5/WaveDAC8_1_PM.c **** *
  35:Generated_Source\PSoC5/WaveDAC8_1_PM.c **** * Global variables:
  36:Generated_Source\PSoC5/WaveDAC8_1_PM.c **** *  WaveDAC8_1_backup:  The structure field 'enableState' is modified 
  37:Generated_Source\PSoC5/WaveDAC8_1_PM.c **** *  depending on the enable state of the block before entering to sleep mode.
  38:Generated_Source\PSoC5/WaveDAC8_1_PM.c **** *
  39:Generated_Source\PSoC5/WaveDAC8_1_PM.c **** * Reentrant:
  40:Generated_Source\PSoC5/WaveDAC8_1_PM.c **** *  No
  41:Generated_Source\PSoC5/WaveDAC8_1_PM.c **** *
  42:Generated_Source\PSoC5/WaveDAC8_1_PM.c **** *******************************************************************************/
  43:Generated_Source\PSoC5/WaveDAC8_1_PM.c **** void WaveDAC8_1_Sleep(void) 
  44:Generated_Source\PSoC5/WaveDAC8_1_PM.c **** {
  31              		.loc 1 44 0
  32              		.cfi_startproc
  33              		@ args = 0, pretend = 0, frame = 0
  34              		@ frame_needed = 1, uses_anonymous_args = 0
  35 0000 80B5     		push	{r7, lr}
  36              		.cfi_def_cfa_offset 8
  37              		.cfi_offset 7, -8
  38              		.cfi_offset 14, -4
  39 0002 00AF     		add	r7, sp, #0
  40              		.cfi_def_cfa_register 7
  45:Generated_Source\PSoC5/WaveDAC8_1_PM.c **** 	/* Save DAC8's enable state */
  46:Generated_Source\PSoC5/WaveDAC8_1_PM.c **** 
  47:Generated_Source\PSoC5/WaveDAC8_1_PM.c **** 	WaveDAC8_1_backup.enableState = (WaveDAC8_1_VDAC8_ACT_PWR_EN == 
  48:Generated_Source\PSoC5/WaveDAC8_1_PM.c **** 		(WaveDAC8_1_VDAC8_PWRMGR_REG & WaveDAC8_1_VDAC8_ACT_PWR_EN)) ? 1u : 0u ;
  41              		.loc 1 48 0
  42 0004 084B     		ldr	r3, .L4
  43 0006 1B78     		ldrb	r3, [r3]
  44 0008 DBB2     		uxtb	r3, r3
  45 000a 03F00803 		and	r3, r3, #8
  47:Generated_Source\PSoC5/WaveDAC8_1_PM.c **** 		(WaveDAC8_1_VDAC8_PWRMGR_REG & WaveDAC8_1_VDAC8_ACT_PWR_EN)) ? 1u : 0u ;
  46              		.loc 1 47 0
  47 000e 002B     		cmp	r3, #0
  48 0010 01D0     		beq	.L2
  47:Generated_Source\PSoC5/WaveDAC8_1_PM.c **** 		(WaveDAC8_1_VDAC8_PWRMGR_REG & WaveDAC8_1_VDAC8_ACT_PWR_EN)) ? 1u : 0u ;
  49              		.loc 1 47 0 is_stmt 0 discriminator 1
  50 0012 0122     		movs	r2, #1
  51 0014 00E0     		b	.L3
  52              	.L2:
  47:Generated_Source\PSoC5/WaveDAC8_1_PM.c **** 		(WaveDAC8_1_VDAC8_PWRMGR_REG & WaveDAC8_1_VDAC8_ACT_PWR_EN)) ? 1u : 0u ;
  53              		.loc 1 47 0 discriminator 2
  54 0016 0022     		movs	r2, #0
  55              	.L3:
  47:Generated_Source\PSoC5/WaveDAC8_1_PM.c **** 		(WaveDAC8_1_VDAC8_PWRMGR_REG & WaveDAC8_1_VDAC8_ACT_PWR_EN)) ? 1u : 0u ;
  56              		.loc 1 47 0 discriminator 4
  57 0018 044B     		ldr	r3, .L4+4
  58 001a 1A70     		strb	r2, [r3]
  49:Generated_Source\PSoC5/WaveDAC8_1_PM.c **** 	
  50:Generated_Source\PSoC5/WaveDAC8_1_PM.c **** 	WaveDAC8_1_Stop();
  59              		.loc 1 50 0 is_stmt 1 discriminator 4
  60 001c FFF7FEFF 		bl	WaveDAC8_1_Stop
ARM GAS  C:\Users\RAPHAE~1\AppData\Local\Temp\ccehRoe2.s 			page 3


  51:Generated_Source\PSoC5/WaveDAC8_1_PM.c **** 	WaveDAC8_1_SaveConfig();
  61              		.loc 1 51 0 discriminator 4
  62 0020 FFF7FEFF 		bl	WaveDAC8_1_VDAC8_SaveConfig
  52:Generated_Source\PSoC5/WaveDAC8_1_PM.c **** }
  63              		.loc 1 52 0 discriminator 4
  64 0024 80BD     		pop	{r7, pc}
  65              	.L5:
  66 0026 00BF     		.align	2
  67              	.L4:
  68 0028 A8430040 		.word	1073759144
  69 002c 00000000 		.word	WaveDAC8_1_backup
  70              		.cfi_endproc
  71              	.LFE0:
  72              		.size	WaveDAC8_1_Sleep, .-WaveDAC8_1_Sleep
  73              		.section	.text.WaveDAC8_1_Wakeup,"ax",%progbits
  74              		.align	2
  75              		.global	WaveDAC8_1_Wakeup
  76              		.thumb
  77              		.thumb_func
  78              		.type	WaveDAC8_1_Wakeup, %function
  79              	WaveDAC8_1_Wakeup:
  80              	.LFB1:
  53:Generated_Source\PSoC5/WaveDAC8_1_PM.c **** 
  54:Generated_Source\PSoC5/WaveDAC8_1_PM.c **** 
  55:Generated_Source\PSoC5/WaveDAC8_1_PM.c **** /*******************************************************************************
  56:Generated_Source\PSoC5/WaveDAC8_1_PM.c **** * Function Name: WaveDAC8_1_Wakeup
  57:Generated_Source\PSoC5/WaveDAC8_1_PM.c **** ********************************************************************************
  58:Generated_Source\PSoC5/WaveDAC8_1_PM.c **** *
  59:Generated_Source\PSoC5/WaveDAC8_1_PM.c **** * Summary:
  60:Generated_Source\PSoC5/WaveDAC8_1_PM.c **** *  Restores the component configuration. Should be called
  61:Generated_Source\PSoC5/WaveDAC8_1_PM.c **** *  just after awaking from sleep.
  62:Generated_Source\PSoC5/WaveDAC8_1_PM.c **** *  
  63:Generated_Source\PSoC5/WaveDAC8_1_PM.c **** * Parameters:  
  64:Generated_Source\PSoC5/WaveDAC8_1_PM.c **** *  None
  65:Generated_Source\PSoC5/WaveDAC8_1_PM.c **** *
  66:Generated_Source\PSoC5/WaveDAC8_1_PM.c **** * Return: 
  67:Generated_Source\PSoC5/WaveDAC8_1_PM.c **** *  void
  68:Generated_Source\PSoC5/WaveDAC8_1_PM.c **** *
  69:Generated_Source\PSoC5/WaveDAC8_1_PM.c **** * Global variables:
  70:Generated_Source\PSoC5/WaveDAC8_1_PM.c **** *  WaveDAC8_1_backup:  The structure field 'enableState' is used to 
  71:Generated_Source\PSoC5/WaveDAC8_1_PM.c **** *  restore the enable state of block after wakeup from sleep mode.
  72:Generated_Source\PSoC5/WaveDAC8_1_PM.c **** *
  73:Generated_Source\PSoC5/WaveDAC8_1_PM.c **** * Reentrant:
  74:Generated_Source\PSoC5/WaveDAC8_1_PM.c **** *  No
  75:Generated_Source\PSoC5/WaveDAC8_1_PM.c **** *
  76:Generated_Source\PSoC5/WaveDAC8_1_PM.c **** *******************************************************************************/
  77:Generated_Source\PSoC5/WaveDAC8_1_PM.c **** void WaveDAC8_1_Wakeup(void) 
  78:Generated_Source\PSoC5/WaveDAC8_1_PM.c **** {
  81              		.loc 1 78 0
  82              		.cfi_startproc
  83              		@ args = 0, pretend = 0, frame = 0
  84              		@ frame_needed = 1, uses_anonymous_args = 0
  85 0000 80B5     		push	{r7, lr}
  86              		.cfi_def_cfa_offset 8
  87              		.cfi_offset 7, -8
  88              		.cfi_offset 14, -4
  89 0002 00AF     		add	r7, sp, #0
ARM GAS  C:\Users\RAPHAE~1\AppData\Local\Temp\ccehRoe2.s 			page 4


  90              		.cfi_def_cfa_register 7
  79:Generated_Source\PSoC5/WaveDAC8_1_PM.c **** 	WaveDAC8_1_RestoreConfig();
  91              		.loc 1 79 0
  92 0004 FFF7FEFF 		bl	WaveDAC8_1_VDAC8_RestoreConfig
  80:Generated_Source\PSoC5/WaveDAC8_1_PM.c **** 
  81:Generated_Source\PSoC5/WaveDAC8_1_PM.c **** 	if(WaveDAC8_1_backup.enableState == 1u)
  93              		.loc 1 81 0
  94 0008 034B     		ldr	r3, .L8
  95 000a 1B78     		ldrb	r3, [r3]	@ zero_extendqisi2
  96 000c 012B     		cmp	r3, #1
  97 000e 01D1     		bne	.L6
  82:Generated_Source\PSoC5/WaveDAC8_1_PM.c **** 	{
  83:Generated_Source\PSoC5/WaveDAC8_1_PM.c **** 		WaveDAC8_1_Enable();
  98              		.loc 1 83 0
  99 0010 FFF7FEFF 		bl	WaveDAC8_1_Enable
 100              	.L6:
  84:Generated_Source\PSoC5/WaveDAC8_1_PM.c **** 	}
  85:Generated_Source\PSoC5/WaveDAC8_1_PM.c **** }
 101              		.loc 1 85 0
 102 0014 80BD     		pop	{r7, pc}
 103              	.L9:
 104 0016 00BF     		.align	2
 105              	.L8:
 106 0018 00000000 		.word	WaveDAC8_1_backup
 107              		.cfi_endproc
 108              	.LFE1:
 109              		.size	WaveDAC8_1_Wakeup, .-WaveDAC8_1_Wakeup
 110              		.text
 111              	.Letext0:
 112              		.file 2 "Generated_Source\\PSoC5\\cytypes.h"
 113              		.file 3 "Generated_Source\\PSoC5\\WaveDAC8_1.h"
 114              		.section	.debug_info,"",%progbits
 115              	.Ldebug_info0:
 116 0000 F4000000 		.4byte	0xf4
 117 0004 0400     		.2byte	0x4
 118 0006 00000000 		.4byte	.Ldebug_abbrev0
 119 000a 04       		.byte	0x4
 120 000b 01       		.uleb128 0x1
 121 000c EF000000 		.4byte	.LASF18
 122 0010 01       		.byte	0x1
 123 0011 C0010000 		.4byte	.LASF19
 124 0015 83000000 		.4byte	.LASF20
 125 0019 00000000 		.4byte	.Ldebug_ranges0+0
 126 001d 00000000 		.4byte	0
 127 0021 00000000 		.4byte	.Ldebug_line0
 128 0025 02       		.uleb128 0x2
 129 0026 01       		.byte	0x1
 130 0027 06       		.byte	0x6
 131 0028 B4010000 		.4byte	.LASF0
 132 002c 02       		.uleb128 0x2
 133 002d 01       		.byte	0x1
 134 002e 08       		.byte	0x8
 135 002f 75000000 		.4byte	.LASF1
 136 0033 02       		.uleb128 0x2
 137 0034 02       		.byte	0x2
 138 0035 05       		.byte	0x5
 139 0036 ED010000 		.4byte	.LASF2
ARM GAS  C:\Users\RAPHAE~1\AppData\Local\Temp\ccehRoe2.s 			page 5


 140 003a 02       		.uleb128 0x2
 141 003b 02       		.byte	0x2
 142 003c 07       		.byte	0x7
 143 003d A1010000 		.4byte	.LASF3
 144 0041 02       		.uleb128 0x2
 145 0042 04       		.byte	0x4
 146 0043 05       		.byte	0x5
 147 0044 E6000000 		.4byte	.LASF4
 148 0048 02       		.uleb128 0x2
 149 0049 04       		.byte	0x4
 150 004a 07       		.byte	0x7
 151 004b 3A000000 		.4byte	.LASF5
 152 004f 02       		.uleb128 0x2
 153 0050 08       		.byte	0x8
 154 0051 05       		.byte	0x5
 155 0052 00000000 		.4byte	.LASF6
 156 0056 02       		.uleb128 0x2
 157 0057 08       		.byte	0x8
 158 0058 07       		.byte	0x7
 159 0059 4C000000 		.4byte	.LASF7
 160 005d 03       		.uleb128 0x3
 161 005e 04       		.byte	0x4
 162 005f 05       		.byte	0x5
 163 0060 696E7400 		.ascii	"int\000"
 164 0064 02       		.uleb128 0x2
 165 0065 04       		.byte	0x4
 166 0066 07       		.byte	0x7
 167 0067 27000000 		.4byte	.LASF8
 168 006b 04       		.uleb128 0x4
 169 006c 34000000 		.4byte	.LASF12
 170 0070 02       		.byte	0x2
 171 0071 9201     		.2byte	0x192
 172 0073 2C000000 		.4byte	0x2c
 173 0077 02       		.uleb128 0x2
 174 0078 04       		.byte	0x4
 175 0079 04       		.byte	0x4
 176 007a E7010000 		.4byte	.LASF9
 177 007e 02       		.uleb128 0x2
 178 007f 08       		.byte	0x8
 179 0080 04       		.byte	0x4
 180 0081 9A010000 		.4byte	.LASF10
 181 0085 02       		.uleb128 0x2
 182 0086 01       		.byte	0x1
 183 0087 08       		.byte	0x8
 184 0088 E1000000 		.4byte	.LASF11
 185 008c 04       		.uleb128 0x4
 186 008d F7010000 		.4byte	.LASF13
 187 0091 02       		.byte	0x2
 188 0092 3C02     		.2byte	0x23c
 189 0094 98000000 		.4byte	0x98
 190 0098 05       		.uleb128 0x5
 191 0099 6B000000 		.4byte	0x6b
 192 009d 02       		.uleb128 0x2
 193 009e 04       		.byte	0x4
 194 009f 07       		.byte	0x7
 195 00a0 FC010000 		.4byte	.LASF14
 196 00a4 06       		.uleb128 0x6
ARM GAS  C:\Users\RAPHAE~1\AppData\Local\Temp\ccehRoe2.s 			page 6


 197 00a5 01       		.byte	0x1
 198 00a6 03       		.byte	0x3
 199 00a7 5D       		.byte	0x5d
 200 00a8 B9000000 		.4byte	0xb9
 201 00ac 07       		.uleb128 0x7
 202 00ad 8E010000 		.4byte	.LASF21
 203 00b1 03       		.byte	0x3
 204 00b2 5F       		.byte	0x5f
 205 00b3 6B000000 		.4byte	0x6b
 206 00b7 00       		.byte	0
 207 00b8 00       		.byte	0
 208 00b9 08       		.uleb128 0x8
 209 00ba 0E000000 		.4byte	.LASF15
 210 00be 03       		.byte	0x3
 211 00bf 60       		.byte	0x60
 212 00c0 A4000000 		.4byte	0xa4
 213 00c4 09       		.uleb128 0x9
 214 00c5 7D010000 		.4byte	.LASF16
 215 00c9 01       		.byte	0x1
 216 00ca 2B       		.byte	0x2b
 217 00cb 00000000 		.4byte	.LFB0
 218 00cf 30000000 		.4byte	.LFE0-.LFB0
 219 00d3 01       		.uleb128 0x1
 220 00d4 9C       		.byte	0x9c
 221 00d5 09       		.uleb128 0x9
 222 00d6 63000000 		.4byte	.LASF17
 223 00da 01       		.byte	0x1
 224 00db 4D       		.byte	0x4d
 225 00dc 00000000 		.4byte	.LFB1
 226 00e0 1C000000 		.4byte	.LFE1-.LFB1
 227 00e4 01       		.uleb128 0x1
 228 00e5 9C       		.byte	0x9c
 229 00e6 0A       		.uleb128 0xa
 230 00e7 05020000 		.4byte	.LASF22
 231 00eb 01       		.byte	0x1
 232 00ec 12       		.byte	0x12
 233 00ed B9000000 		.4byte	0xb9
 234 00f1 05       		.uleb128 0x5
 235 00f2 03       		.byte	0x3
 236 00f3 00000000 		.4byte	WaveDAC8_1_backup
 237 00f7 00       		.byte	0
 238              		.section	.debug_abbrev,"",%progbits
 239              	.Ldebug_abbrev0:
 240 0000 01       		.uleb128 0x1
 241 0001 11       		.uleb128 0x11
 242 0002 01       		.byte	0x1
 243 0003 25       		.uleb128 0x25
 244 0004 0E       		.uleb128 0xe
 245 0005 13       		.uleb128 0x13
 246 0006 0B       		.uleb128 0xb
 247 0007 03       		.uleb128 0x3
 248 0008 0E       		.uleb128 0xe
 249 0009 1B       		.uleb128 0x1b
 250 000a 0E       		.uleb128 0xe
 251 000b 55       		.uleb128 0x55
 252 000c 17       		.uleb128 0x17
 253 000d 11       		.uleb128 0x11
ARM GAS  C:\Users\RAPHAE~1\AppData\Local\Temp\ccehRoe2.s 			page 7


 254 000e 01       		.uleb128 0x1
 255 000f 10       		.uleb128 0x10
 256 0010 17       		.uleb128 0x17
 257 0011 00       		.byte	0
 258 0012 00       		.byte	0
 259 0013 02       		.uleb128 0x2
 260 0014 24       		.uleb128 0x24
 261 0015 00       		.byte	0
 262 0016 0B       		.uleb128 0xb
 263 0017 0B       		.uleb128 0xb
 264 0018 3E       		.uleb128 0x3e
 265 0019 0B       		.uleb128 0xb
 266 001a 03       		.uleb128 0x3
 267 001b 0E       		.uleb128 0xe
 268 001c 00       		.byte	0
 269 001d 00       		.byte	0
 270 001e 03       		.uleb128 0x3
 271 001f 24       		.uleb128 0x24
 272 0020 00       		.byte	0
 273 0021 0B       		.uleb128 0xb
 274 0022 0B       		.uleb128 0xb
 275 0023 3E       		.uleb128 0x3e
 276 0024 0B       		.uleb128 0xb
 277 0025 03       		.uleb128 0x3
 278 0026 08       		.uleb128 0x8
 279 0027 00       		.byte	0
 280 0028 00       		.byte	0
 281 0029 04       		.uleb128 0x4
 282 002a 16       		.uleb128 0x16
 283 002b 00       		.byte	0
 284 002c 03       		.uleb128 0x3
 285 002d 0E       		.uleb128 0xe
 286 002e 3A       		.uleb128 0x3a
 287 002f 0B       		.uleb128 0xb
 288 0030 3B       		.uleb128 0x3b
 289 0031 05       		.uleb128 0x5
 290 0032 49       		.uleb128 0x49
 291 0033 13       		.uleb128 0x13
 292 0034 00       		.byte	0
 293 0035 00       		.byte	0
 294 0036 05       		.uleb128 0x5
 295 0037 35       		.uleb128 0x35
 296 0038 00       		.byte	0
 297 0039 49       		.uleb128 0x49
 298 003a 13       		.uleb128 0x13
 299 003b 00       		.byte	0
 300 003c 00       		.byte	0
 301 003d 06       		.uleb128 0x6
 302 003e 13       		.uleb128 0x13
 303 003f 01       		.byte	0x1
 304 0040 0B       		.uleb128 0xb
 305 0041 0B       		.uleb128 0xb
 306 0042 3A       		.uleb128 0x3a
 307 0043 0B       		.uleb128 0xb
 308 0044 3B       		.uleb128 0x3b
 309 0045 0B       		.uleb128 0xb
 310 0046 01       		.uleb128 0x1
ARM GAS  C:\Users\RAPHAE~1\AppData\Local\Temp\ccehRoe2.s 			page 8


 311 0047 13       		.uleb128 0x13
 312 0048 00       		.byte	0
 313 0049 00       		.byte	0
 314 004a 07       		.uleb128 0x7
 315 004b 0D       		.uleb128 0xd
 316 004c 00       		.byte	0
 317 004d 03       		.uleb128 0x3
 318 004e 0E       		.uleb128 0xe
 319 004f 3A       		.uleb128 0x3a
 320 0050 0B       		.uleb128 0xb
 321 0051 3B       		.uleb128 0x3b
 322 0052 0B       		.uleb128 0xb
 323 0053 49       		.uleb128 0x49
 324 0054 13       		.uleb128 0x13
 325 0055 38       		.uleb128 0x38
 326 0056 0B       		.uleb128 0xb
 327 0057 00       		.byte	0
 328 0058 00       		.byte	0
 329 0059 08       		.uleb128 0x8
 330 005a 16       		.uleb128 0x16
 331 005b 00       		.byte	0
 332 005c 03       		.uleb128 0x3
 333 005d 0E       		.uleb128 0xe
 334 005e 3A       		.uleb128 0x3a
 335 005f 0B       		.uleb128 0xb
 336 0060 3B       		.uleb128 0x3b
 337 0061 0B       		.uleb128 0xb
 338 0062 49       		.uleb128 0x49
 339 0063 13       		.uleb128 0x13
 340 0064 00       		.byte	0
 341 0065 00       		.byte	0
 342 0066 09       		.uleb128 0x9
 343 0067 2E       		.uleb128 0x2e
 344 0068 00       		.byte	0
 345 0069 3F       		.uleb128 0x3f
 346 006a 19       		.uleb128 0x19
 347 006b 03       		.uleb128 0x3
 348 006c 0E       		.uleb128 0xe
 349 006d 3A       		.uleb128 0x3a
 350 006e 0B       		.uleb128 0xb
 351 006f 3B       		.uleb128 0x3b
 352 0070 0B       		.uleb128 0xb
 353 0071 27       		.uleb128 0x27
 354 0072 19       		.uleb128 0x19
 355 0073 11       		.uleb128 0x11
 356 0074 01       		.uleb128 0x1
 357 0075 12       		.uleb128 0x12
 358 0076 06       		.uleb128 0x6
 359 0077 40       		.uleb128 0x40
 360 0078 18       		.uleb128 0x18
 361 0079 9642     		.uleb128 0x2116
 362 007b 19       		.uleb128 0x19
 363 007c 00       		.byte	0
 364 007d 00       		.byte	0
 365 007e 0A       		.uleb128 0xa
 366 007f 34       		.uleb128 0x34
 367 0080 00       		.byte	0
ARM GAS  C:\Users\RAPHAE~1\AppData\Local\Temp\ccehRoe2.s 			page 9


 368 0081 03       		.uleb128 0x3
 369 0082 0E       		.uleb128 0xe
 370 0083 3A       		.uleb128 0x3a
 371 0084 0B       		.uleb128 0xb
 372 0085 3B       		.uleb128 0x3b
 373 0086 0B       		.uleb128 0xb
 374 0087 49       		.uleb128 0x49
 375 0088 13       		.uleb128 0x13
 376 0089 02       		.uleb128 0x2
 377 008a 18       		.uleb128 0x18
 378 008b 00       		.byte	0
 379 008c 00       		.byte	0
 380 008d 00       		.byte	0
 381              		.section	.debug_aranges,"",%progbits
 382 0000 24000000 		.4byte	0x24
 383 0004 0200     		.2byte	0x2
 384 0006 00000000 		.4byte	.Ldebug_info0
 385 000a 04       		.byte	0x4
 386 000b 00       		.byte	0
 387 000c 0000     		.2byte	0
 388 000e 0000     		.2byte	0
 389 0010 00000000 		.4byte	.LFB0
 390 0014 30000000 		.4byte	.LFE0-.LFB0
 391 0018 00000000 		.4byte	.LFB1
 392 001c 1C000000 		.4byte	.LFE1-.LFB1
 393 0020 00000000 		.4byte	0
 394 0024 00000000 		.4byte	0
 395              		.section	.debug_ranges,"",%progbits
 396              	.Ldebug_ranges0:
 397 0000 00000000 		.4byte	.LFB0
 398 0004 30000000 		.4byte	.LFE0
 399 0008 00000000 		.4byte	.LFB1
 400 000c 1C000000 		.4byte	.LFE1
 401 0010 00000000 		.4byte	0
 402 0014 00000000 		.4byte	0
 403              		.section	.debug_line,"",%progbits
 404              	.Ldebug_line0:
 405 0000 A5000000 		.section	.debug_str,"MS",%progbits,1
 405      02005A00 
 405      00000201 
 405      FB0E0D00 
 405      01010101 
 406              	.LASF6:
 407 0000 6C6F6E67 		.ascii	"long long int\000"
 407      206C6F6E 
 407      6720696E 
 407      7400
 408              	.LASF15:
 409 000e 57617665 		.ascii	"WaveDAC8_1_BACKUP_STRUCT\000"
 409      44414338 
 409      5F315F42 
 409      41434B55 
 409      505F5354 
 410              	.LASF8:
 411 0027 756E7369 		.ascii	"unsigned int\000"
 411      676E6564 
 411      20696E74 
ARM GAS  C:\Users\RAPHAE~1\AppData\Local\Temp\ccehRoe2.s 			page 10


 411      00
 412              	.LASF12:
 413 0034 75696E74 		.ascii	"uint8\000"
 413      3800
 414              	.LASF5:
 415 003a 6C6F6E67 		.ascii	"long unsigned int\000"
 415      20756E73 
 415      69676E65 
 415      6420696E 
 415      7400
 416              	.LASF7:
 417 004c 6C6F6E67 		.ascii	"long long unsigned int\000"
 417      206C6F6E 
 417      6720756E 
 417      7369676E 
 417      65642069 
 418              	.LASF17:
 419 0063 57617665 		.ascii	"WaveDAC8_1_Wakeup\000"
 419      44414338 
 419      5F315F57 
 419      616B6575 
 419      7000
 420              	.LASF1:
 421 0075 756E7369 		.ascii	"unsigned char\000"
 421      676E6564 
 421      20636861 
 421      7200
 422              	.LASF20:
 423 0083 5C5C766D 		.ascii	"\\\\vmware-host\\Shared Folders\\Documents\\Archive"
 423      77617265 
 423      2D686F73 
 423      745C5368 
 423      61726564 
 424 00b1 5C536F70 		.ascii	"\\Sophomore Year\\6.115\\Synthdude\\Synthdude.cydsn"
 424      686F6D6F 
 424      72652059 
 424      6561725C 
 424      362E3131 
 425 00e0 00       		.ascii	"\000"
 426              	.LASF11:
 427 00e1 63686172 		.ascii	"char\000"
 427      00
 428              	.LASF4:
 429 00e6 6C6F6E67 		.ascii	"long int\000"
 429      20696E74 
 429      00
 430              	.LASF18:
 431 00ef 474E5520 		.ascii	"GNU C 4.9.3 20150303 (release) [ARM/embedded-4_9-br"
 431      4320342E 
 431      392E3320 
 431      32303135 
 431      30333033 
 432 0122 616E6368 		.ascii	"anch revision 221220] -mcpu=cortex-m3 -mthumb -g -O"
 432      20726576 
 432      6973696F 
 432      6E203232 
 432      31323230 
ARM GAS  C:\Users\RAPHAE~1\AppData\Local\Temp\ccehRoe2.s 			page 11


 433 0155 30202D66 		.ascii	"0 -ffunction-sections -ffat-lto-objects\000"
 433      66756E63 
 433      74696F6E 
 433      2D736563 
 433      74696F6E 
 434              	.LASF16:
 435 017d 57617665 		.ascii	"WaveDAC8_1_Sleep\000"
 435      44414338 
 435      5F315F53 
 435      6C656570 
 435      00
 436              	.LASF21:
 437 018e 656E6162 		.ascii	"enableState\000"
 437      6C655374 
 437      61746500 
 438              	.LASF10:
 439 019a 646F7562 		.ascii	"double\000"
 439      6C6500
 440              	.LASF3:
 441 01a1 73686F72 		.ascii	"short unsigned int\000"
 441      7420756E 
 441      7369676E 
 441      65642069 
 441      6E7400
 442              	.LASF0:
 443 01b4 7369676E 		.ascii	"signed char\000"
 443      65642063 
 443      68617200 
 444              	.LASF19:
 445 01c0 47656E65 		.ascii	"Generated_Source\\PSoC5\\WaveDAC8_1_PM.c\000"
 445      72617465 
 445      645F536F 
 445      75726365 
 445      5C50536F 
 446              	.LASF9:
 447 01e7 666C6F61 		.ascii	"float\000"
 447      7400
 448              	.LASF2:
 449 01ed 73686F72 		.ascii	"short int\000"
 449      7420696E 
 449      7400
 450              	.LASF13:
 451 01f7 72656738 		.ascii	"reg8\000"
 451      00
 452              	.LASF14:
 453 01fc 73697A65 		.ascii	"sizetype\000"
 453      74797065 
 453      00
 454              	.LASF22:
 455 0205 57617665 		.ascii	"WaveDAC8_1_backup\000"
 455      44414338 
 455      5F315F62 
 455      61636B75 
 455      7000
 456              		.ident	"GCC: (GNU Tools for ARM Embedded Processors) 4.9.3 20150303 (release) [ARM/embedded-4_9-br
